app/build/outputs/logs/manifest-merger-debug-report.txt
-- Merging decision tree log ---
manifest
ADDED from AndroidManifest.xml:2:1
	xmlns:android
		ADDED from AndroidManifest.xml:2:11
	package
		ADDED from AndroidManifest.xml:3:5
		INJECTED from AndroidManifest.xml:0:0
		INJECTED from AndroidManifest.xml:0:0
	android:versionName
		ADDED from AndroidManifest.xml:5:5
	android:versionCode
		ADDED from AndroidManifest.xml:4:5
		INJECTED from AndroidManifest.xml:0:0
		INJECTED from AndroidManifest.xml:0:0
permission#com.zjwy.tiaobaojinew.permission.JPUSH_MESSAGE
ADDED from AndroidManifest.xml:9:5
	android:protectionLevel
		ADDED from AndroidManifest.xml:11:9
	android:name
		ADDED from AndroidManifest.xml:10:9
supports-screens
ADDED from AndroidManifest.xml:13:5
	android:resizeable
		ADDED from AndroidManifest.xml:17:9
	android:largeScreens
		ADDED from AndroidManifest.xml:15:9
	android:anyDensity
		ADDED from AndroidManifest.xml:14:9
	android:normalScreens
		ADDED from AndroidManifest.xml:16:9
	android:xlargeScreens
		ADDED from AndroidManifest.xml:19:9
	android:smallScreens
		ADDED from AndroidManifest.xml:18:9
uses-sdk
ADDED from AndroidManifest.xml:21:5
MERGED from com.android.support:appcompat-v7:19.1.0:18:5
	android:targetSdkVersion
		ADDED from AndroidManifest.xml:23:9
		INJECTED from AndroidManifest.xml:0:0
		INJECTED from AndroidManifest.xml:0:0
	android:minSdkVersion
		ADDED from AndroidManifest.xml:22:9
		INJECTED from AndroidManifest.xml:0:0
		INJECTED from AndroidManifest.xml:0:0
uses-permission#com.zjwy.tiaobaojinew.permission.JPUSH_MESSAGE
ADDED from AndroidManifest.xml:26:5
	android:name
		ADDED from AndroidManifest.xml:26:22
uses-permission#android.permission.RECEIVE_USER_PRESENT
ADDED from AndroidManifest.xml:27:5
	android:name
		ADDED from AndroidManifest.xml:27:22
uses-permission#android.permission.WAKE_LOCK
ADDED from AndroidManifest.xml:29:5
	android:name
		ADDED from AndroidManifest.xml:29:22
uses-permission#android.permission.CHANGE_NETWORK_STATE
ADDED from AndroidManifest.xml:31:5
	android:name
		ADDED from AndroidManifest.xml:31:22
uses-permission#android.permission.CHANGE_WIFI_STATE
ADDED from AndroidManifest.xml:33:5
	android:name
		ADDED from AndroidManifest.xml:33:22
uses-permission#android.permission.INTERNET
ADDED from AndroidManifest.xml:35:5
	android:name
		ADDED from AndroidManifest.xml:35:22
uses-permission#android.permission.MOUNT_UNMOUNT_FILESYSTEMS
ADDED from AndroidManifest.xml:37:5
	android:name
		ADDED from AndroidManifest.xml:37:22
uses-permission#android.permission.GET_TASKS
ADDED from AndroidManifest.xml:39:5
	android:name
		ADDED from AndroidManifest.xml:39:22
uses-permission#android.permission.ACCESS_WIFI_STATE
ADDED from AndroidManifest.xml:41:5
	android:name
		ADDED from AndroidManifest.xml:41:22
uses-permission#android.permission.ACCESS_NETWORK_STATE
ADDED from AndroidManifest.xml:43:5
	android:name
		ADDED from AndroidManifest.xml:43:22
uses-permission#android.permission.WRITE_EXTERNAL_STORAGE
ADDED from AndroidManifest.xml:45:5
	android:name
		ADDED from AndroidManifest.xml:45:22
uses-permission#android.permission.READ_EXTERNAL_STORAGE
ADDED from AndroidManifest.xml:46:5
	android:name
		ADDED from AndroidManifest.xml:46:22
uses-permission#android.permission.READ_PHONE_STATE
ADDED from AndroidManifest.xml:48:5
	android:name
		ADDED from AndroidManifest.xml:48:22
uses-permission#android.permission.MANAGE_ACCOUNTS
ADDED from AndroidManifest.xml:50:5
	android:name
		ADDED from AndroidManifest.xml:50:22
uses-permission#android.permission.GET_ACCOUNTS
ADDED from AndroidManifest.xml:52:5
	android:name
		ADDED from AndroidManifest.xml:52:22
uses-permission#android.permission.READ_CONTACTS
ADDED from AndroidManifest.xml:54:5
	android:name
		ADDED from AndroidManifest.xml:54:22
uses-permission#android.permission.VIBRATE
ADDED from AndroidManifest.xml:56:5
	android:name
		ADDED from AndroidManifest.xml:56:22
uses-permission#android.permission.WRITE_SETTINGS
ADDED from AndroidManifest.xml:58:5
	android:name
		ADDED from AndroidManifest.xml:58:22
uses-permission#android.permission.RECEIVE_SMS
ADDED from AndroidManifest.xml:60:5
	android:name
		ADDED from AndroidManifest.xml:60:22
uses-permission#android.permission.SYSTEM_ALERT_WINDOW
ADDED from AndroidManifest.xml:62:5
	android:name
		ADDED from AndroidManifest.xml:62:22
uses-permission#android.permission.ACCESS_FINE_LOCATION
ADDED from AndroidManifest.xml:64:5
	android:name
		ADDED from AndroidManifest.xml:64:22
uses-permission#android.permission.BLUETOOTH
ADDED from AndroidManifest.xml:66:5
	android:name
		ADDED from AndroidManifest.xml:66:22
uses-permission#android.permission.ACCESS_COARSE_LOCATION
ADDED from AndroidManifest.xml:68:5
	android:name
		ADDED from AndroidManifest.xml:68:22
uses-permission#android.permission.ACCESS_LOCATION_EXTRA_COMMANDS
ADDED from AndroidManifest.xml:69:5
	android:name
		ADDED from AndroidManifest.xml:69:22
uses-permission#android.permission.CALL_PHONE
ADDED from AndroidManifest.xml:71:5
	android:name
		ADDED from AndroidManifest.xml:71:22
uses-permission#android.permission.CAMERA
ADDED from AndroidManifest.xml:73:5
	android:name
		ADDED from AndroidManifest.xml:73:22
uses-permission#android.permission.hardware.camera
ADDED from AndroidManifest.xml:74:5
	android:name
		ADDED from AndroidManifest.xml:74:22
uses-permission#android.permission.hardware.camera.autofocus
ADDED from AndroidManifest.xml:75:5
	android:name
		ADDED from AndroidManifest.xml:75:22
uses-permission#android.permission.FLASHLIGHT
ADDED from AndroidManifest.xml:76:5
	android:name
		ADDED from AndroidManifest.xml:76:22
application
ADDED from AndroidManifest.xml:79:5
MERGED from com.android.support:appcompat-v7:19.1.0:19:5
	android:label
		ADDED from AndroidManifest.xml:83:9
	android:allowBackup
		ADDED from AndroidManifest.xml:81:9
	android:icon
		ADDED from AndroidManifest.xml:82:9
	android:name
		ADDED from AndroidManifest.xml:80:9
activity#com.zjwy.tiaobaojinew.activity.WelcomeActivity
ADDED from AndroidManifest.xml:84:9
	android:theme
		ADDED from AndroidManifest.xml:86:13
	android:name
		ADDED from AndroidManifest.xml:85:13
intent-filter#android.intent.action.MAIN+android.intent.category.LAUNCHER
ADDED from AndroidManifest.xml:87:13
action#android.intent.action.MAIN
ADDED from AndroidManifest.xml:88:17
	android:name
		ADDED from AndroidManifest.xml:88:25
category#android.intent.category.LAUNCHER
ADDED from AndroidManifest.xml:90:17
	android:name
		ADDED from AndroidManifest.xml:90:27
activity#com.zjwy.tiaobaojinew.activity.Guide1Activity
ADDED from AndroidManifest.xml:93:9
	android:theme
		ADDED from AndroidManifest.xml:95:13
	android:name
		ADDED from AndroidManifest.xml:94:13
activity#com.zjwy.tiaobaojinew.activity.Guide2Activity
ADDED from AndroidManifest.xml:97:9
	android:theme
		ADDED from AndroidManifest.xml:99:13
	android:name
		ADDED from AndroidManifest.xml:98:13
activity#com.zjwy.tiaobaojinew.activity.Guide3Activity
ADDED from AndroidManifest.xml:101:9
	android:theme
		ADDED from AndroidManifest.xml:103:13
	android:name
		ADDED from AndroidManifest.xml:102:13
activity#com.zjwy.tiaobaojinew.activity.QRCodeActivity
ADDED from AndroidManifest.xml:105:9
	android:theme
		ADDED from AndroidManifest.xml:107:13
	android:name
		ADDED from AndroidManifest.xml:106:13
activity#com.zjwy.tiaobaojinew.activity.MainActivity
ADDED from AndroidManifest.xml:117:9
	android:windowSoftInputMode
		ADDED from AndroidManifest.xml:123:13
	android:screenOrientation
		ADDED from AndroidManifest.xml:121:13
	android:label
		ADDED from AndroidManifest.xml:120:13
	android:configChanges
		ADDED from AndroidManifest.xml:119:13
	android:theme
		ADDED from AndroidManifest.xml:122:13
	android:name
		ADDED from AndroidManifest.xml:118:13
activity#com.zjwy.tiaobaojinew.activity.LoginAcitivity
ADDED from AndroidManifest.xml:125:9
	android:theme
		ADDED from AndroidManifest.xml:127:13
	android:name
		ADDED from AndroidManifest.xml:126:13
activity#com.zjwy.tiaobaojinew.activity.RegistActivity
ADDED from AndroidManifest.xml:129:9
	android:theme
		ADDED from AndroidManifest.xml:131:13
	android:name
		ADDED from AndroidManifest.xml:130:13
activity#com.zjwy.tiaobaojinew.activity.ProductDetailsActivity
ADDED from AndroidManifest.xml:133:9
	android:theme
		ADDED from AndroidManifest.xml:135:13
	android:name
		ADDED from AndroidManifest.xml:134:13
activity#com.zjwy.tiaobaojinew.activity.HomeBestActivity
ADDED from AndroidManifest.xml:137:9
	android:theme
		ADDED from AndroidManifest.xml:139:13
	android:name
		ADDED from AndroidManifest.xml:138:13
activity#com.zjwy.tiaobaojinew.activity.HomeNewsActivity
ADDED from AndroidManifest.xml:141:9
	android:theme
		ADDED from AndroidManifest.xml:143:13
	android:name
		ADDED from AndroidManifest.xml:142:13
activity#com.zjwy.tiaobaojinew.activity.SearchActivity
ADDED from AndroidManifest.xml:145:9
	android:theme
		ADDED from AndroidManifest.xml:147:13
	android:name
		ADDED from AndroidManifest.xml:146:13
activity#com.zjwy.tiaobaojinew.activity.PaymentActivity
ADDED from AndroidManifest.xml:149:9
	android:theme
		ADDED from AndroidManifest.xml:151:13
	android:name
		ADDED from AndroidManifest.xml:150:13
activity#com.zjwy.tiaobaojinew.activity.MyOrderActivity
ADDED from AndroidManifest.xml:153:9
	android:theme
		ADDED from AndroidManifest.xml:155:13
	android:name
		ADDED from AndroidManifest.xml:154:13
activity#com.zjwy.tiaobaojinew.activity.WithMeAcitivity
ADDED from AndroidManifest.xml:157:9
	android:theme
		ADDED from AndroidManifest.xml:159:13
	android:name
		ADDED from AndroidManifest.xml:158:13
activity#com.zjwy.tiaobaojinew.activity.CouponAcitivity
ADDED from AndroidManifest.xml:161:9
	android:theme
		ADDED from AndroidManifest.xml:163:13
	android:name
		ADDED from AndroidManifest.xml:162:13
activity#com.zjwy.tiaobaojinew.activity.UserInfoAcitivity
ADDED from AndroidManifest.xml:165:9
	android:theme
		ADDED from AndroidManifest.xml:167:13
	android:name
		ADDED from AndroidManifest.xml:166:13
activity#com.zjwy.tiaobaojinew.activity.SingleOrdersActivity
ADDED from AndroidManifest.xml:169:9
	android:theme
		ADDED from AndroidManifest.xml:171:13
	android:name
		ADDED from AndroidManifest.xml:170:13
activity#com.zjwy.tiaobaojinew.activity.TestActivity
ADDED from AndroidManifest.xml:173:9
	android:theme
		ADDED from AndroidManifest.xml:175:13
	android:name
		ADDED from AndroidManifest.xml:174:13
activity#com.zjwy.tiaobaojinew.activity.FindPwdActivity
ADDED from AndroidManifest.xml:177:9
	android:theme
		ADDED from AndroidManifest.xml:179:13
	android:name
		ADDED from AndroidManifest.xml:178:13
activity#com.zjwy.tiaobaojinew.activity.ChangePwdActivity
ADDED from AndroidManifest.xml:181:9
	android:theme
		ADDED from AndroidManifest.xml:183:13
	android:name
		ADDED from AndroidManifest.xml:182:13
activity#com.zjwy.tiaobaojinew.activity.EditUserActivity
ADDED from AndroidManifest.xml:185:9
	android:theme
		ADDED from AndroidManifest.xml:187:13
	android:name
		ADDED from AndroidManifest.xml:186:13
activity#com.zjwy.tiaobaojinew.activity.PaymentActivity01
ADDED from AndroidManifest.xml:189:9
	android:theme
		ADDED from AndroidManifest.xml:191:13
	android:name
		ADDED from AndroidManifest.xml:190:13
activity#com.zjwy.tiaobaojinew.activity.KeFuActivity
ADDED from AndroidManifest.xml:193:9
	android:theme
		ADDED from AndroidManifest.xml:195:13
	android:name
		ADDED from AndroidManifest.xml:194:13
activity#com.zjwy.tiaobaojinew.activity.Activity1
ADDED from AndroidManifest.xml:197:9
	android:theme
		ADDED from AndroidManifest.xml:199:13
	android:name
		ADDED from AndroidManifest.xml:198:13
activity#com.zjwy.tiaobaojinew.activity.Activity2
ADDED from AndroidManifest.xml:201:9
	android:theme
		ADDED from AndroidManifest.xml:203:13
	android:name
		ADDED from AndroidManifest.xml:202:13
activity#com.zjwy.tiaobaojinew.activity.Activity3
ADDED from AndroidManifest.xml:205:9
	android:theme
		ADDED from AndroidManifest.xml:207:13
	android:name
		ADDED from AndroidManifest.xml:206:13
activity#com.zjwy.tiaobaojinew.activity.BigPicActivity
ADDED from AndroidManifest.xml:209:9
	android:theme
		ADDED from AndroidManifest.xml:211:13
	android:name
		ADDED from AndroidManifest.xml:210:13
activity#com.zjwy.tiaobaojinew.activity.PackageActivity
ADDED from AndroidManifest.xml:213:9
	android:theme
		ADDED from AndroidManifest.xml:215:13
	android:name
		ADDED from AndroidManifest.xml:214:13
activity#com.zjwy.tiaobaojinew.activity.CameraActivity
ADDED from AndroidManifest.xml:217:9
	android:theme
		ADDED from AndroidManifest.xml:219:13
	android:name
		ADDED from AndroidManifest.xml:218:13
activity#com.zjwy.tiaobaojinew.activity.ShoppingOrderActivity
ADDED from AndroidManifest.xml:221:9
	android:windowSoftInputMode
		ADDED from AndroidManifest.xml:224:13
	android:theme
		ADDED from AndroidManifest.xml:223:13
	android:name
		ADDED from AndroidManifest.xml:222:13
activity#cn.smssdk.SMSSDKUIShell
ADDED from AndroidManifest.xml:226:9
	android:windowSoftInputMode
		ADDED from AndroidManifest.xml:230:13
	android:configChanges
		ADDED from AndroidManifest.xml:228:13
	android:theme
		ADDED from AndroidManifest.xml:229:13
	android:name
		ADDED from AndroidManifest.xml:227:13
activity#cn.jpush.android.ui.PushActivity
ADDED from AndroidManifest.xml:233:9
	android:configChanges
		ADDED from AndroidManifest.xml:235:13
	android:theme
		ADDED from AndroidManifest.xml:236:13
	android:name
		ADDED from AndroidManifest.xml:234:13
intent-filter#android.intent.category.DEFAULT+cn.jpush.android.ui.PushActivity+com.zjwy.tiaobaojinew
ADDED from AndroidManifest.xml:237:13
action#cn.jpush.android.ui.PushActivity
ADDED from AndroidManifest.xml:238:17
	android:name
		ADDED from AndroidManifest.xml:238:25
category#android.intent.category.DEFAULT
ADDED from AndroidManifest.xml:240:17
	android:name
		ADDED from AndroidManifest.xml:240:27
category#com.zjwy.tiaobaojinew
ADDED from AndroidManifest.xml:241:17
	android:name
		ADDED from AndroidManifest.xml:241:27
service#cn.jpush.android.service.DownloadService
ADDED from AndroidManifest.xml:246:9
	android:exported
		ADDED from AndroidManifest.xml:249:13
	android:enabled
		ADDED from AndroidManifest.xml:248:13
	android:name
		ADDED from AndroidManifest.xml:247:13
service#com.zjwy.tiaobaojinew.utils.MusicService
ADDED from AndroidManifest.xml:251:9
	android:name
		ADDED from AndroidManifest.xml:251:18
service#cn.jpush.android.service.PushService
ADDED from AndroidManifest.xml:255:9
	android:exported
		ADDED from AndroidManifest.xml:258:13
	android:enabled
		ADDED from AndroidManifest.xml:257:13
	android:name
		ADDED from AndroidManifest.xml:256:13
intent-filter#cn.jpush.android.intent.PUSH_TIME+cn.jpush.android.intent.PushService+cn.jpush.android.intent.REGISTER+cn.jpush.android.intent.REPORT
ADDED from AndroidManifest.xml:259:13
action#cn.jpush.android.intent.REGISTER
ADDED from AndroidManifest.xml:260:17
	android:name
		ADDED from AndroidManifest.xml:260:25
action#cn.jpush.android.intent.REPORT
ADDED from AndroidManifest.xml:261:17
	android:name
		ADDED from AndroidManifest.xml:261:25
action#cn.jpush.android.intent.PushService
ADDED from AndroidManifest.xml:262:17
	android:name
		ADDED from AndroidManifest.xml:262:25
action#cn.jpush.android.intent.PUSH_TIME
ADDED from AndroidManifest.xml:263:17
	android:name
		ADDED from AndroidManifest.xml:263:25
receiver#cn.jpush.android.service.PushReceiver
ADDED from AndroidManifest.xml:268:9
	android:enabled
		ADDED from AndroidManifest.xml:270:13
	android:name
		ADDED from AndroidManifest.xml:269:13
intent-filter#cn.jpush.android.intent.NOTIFICATION_RECEIVED_PROXY+com.zjwy.tiaobaojinew
ADDED from AndroidManifest.xml:271:13
	android:priority
		ADDED from AndroidManifest.xml:271:28
action#cn.jpush.android.intent.NOTIFICATION_RECEIVED_PROXY
ADDED from AndroidManifest.xml:272:17
	android:name
		ADDED from AndroidManifest.xml:272:25
intent-filter#android.intent.action.USER_PRESENT+android.net.conn.CONNECTIVITY_CHANGE
ADDED from AndroidManifest.xml:276:13
action#android.intent.action.USER_PRESENT
ADDED from AndroidManifest.xml:277:17
	android:name
		ADDED from AndroidManifest.xml:277:25
action#android.net.conn.CONNECTIVITY_CHANGE
ADDED from AndroidManifest.xml:278:17
	android:name
		ADDED from AndroidManifest.xml:278:25
intent-filter#android.intent.action.PACKAGE_ADDED+android.intent.action.PACKAGE_REMOVED
ADDED from AndroidManifest.xml:281:13
action#android.intent.action.PACKAGE_ADDED
ADDED from AndroidManifest.xml:282:17
	android:name
		ADDED from AndroidManifest.xml:282:25
action#android.intent.action.PACKAGE_REMOVED
ADDED from AndroidManifest.xml:283:17
	android:name
		ADDED from AndroidManifest.xml:283:25
data
ADDED from AndroidManifest.xml:285:17
	android:scheme
		ADDED from AndroidManifest.xml:285:23
receiver#cn.jpush.android.service.AlarmReceiver
ADDED from AndroidManifest.xml:289:9
	android:name
		ADDED from AndroidManifest.xml:289:19
receiver#com.zjwy.tiaobaojinew.netstate.MyReceiver
ADDED from AndroidManifest.xml:292:9
	android:enabled
		ADDED from AndroidManifest.xml:294:13
	android:name
		ADDED from AndroidManifest.xml:293:13
intent-filter#cn.jpush.android.intent.ACTION_RICHPUSH_CALLBACK+cn.jpush.android.intent.CONNECTION+cn.jpush.android.intent.MESSAGE_RECEIVED+cn.jpush.android.intent.NOTIFICATION_OPENED+cn.jpush.android.intent.NOTIFICATION_RECEIVED+cn.jpush.android.intent.REGISTRATION+cn.jpush.android.intent.UNREGISTRATION+com.zjwy.tiaobaojinew
ADDED from AndroidManifest.xml:295:13
action#cn.jpush.android.intent.REGISTRATION
ADDED from AndroidManifest.xml:296:17
	android:name
		ADDED from AndroidManifest.xml:296:25
action#cn.jpush.android.intent.UNREGISTRATION
ADDED from AndroidManifest.xml:298:17
	android:name
		ADDED from AndroidManifest.xml:298:25
action#cn.jpush.android.intent.MESSAGE_RECEIVED
ADDED from AndroidManifest.xml:299:17
	android:name
		ADDED from AndroidManifest.xml:299:25
action#cn.jpush.android.intent.NOTIFICATION_RECEIVED
ADDED from AndroidManifest.xml:301:17
	android:name
		ADDED from AndroidManifest.xml:301:25
action#cn.jpush.android.intent.NOTIFICATION_OPENED
ADDED from AndroidManifest.xml:303:17
	android:name
		ADDED from AndroidManifest.xml:303:25
action#cn.jpush.android.intent.ACTION_RICHPUSH_CALLBACK
ADDED from AndroidManifest.xml:305:17
	android:name
		ADDED from AndroidManifest.xml:305:25
action#cn.jpush.android.intent.CONNECTION
ADDED from AndroidManifest.xml:307:17
	android:name
		ADDED from AndroidManifest.xml:307:25
meta-data#JPUSH_CHANNEL
ADDED from AndroidManifest.xml:318:9
	android:name
		ADDED from AndroidManifest.xml:319:13
	android:value
		ADDED from AndroidManifest.xml:320:13
meta-data#JPUSH_APPKEY
ADDED from AndroidManifest.xml:322:9
	android:name
		ADDED from AndroidManifest.xml:323:13
	android:value
		ADDED from AndroidManifest.xml:324:13
activity#cn.sharesdk.framework.ShareSDKUIShell
ADDED from AndroidManifest.xml:330:9
	android:windowSoftInputMode
		ADDED from AndroidManifest.xml:335:13
	android:screenOrientation
		ADDED from AndroidManifest.xml:333:13
	android:configChanges
		ADDED from AndroidManifest.xml:332:13
	android:theme
		ADDED from AndroidManifest.xml:334:13
	android:name
		ADDED from AndroidManifest.xml:331:13
intent-filter#android.intent.action.VIEW+android.intent.category.BROWSABLE+android.intent.category.DEFAULT
ADDED from AndroidManifest.xml:336:13
action#android.intent.action.VIEW
ADDED from AndroidManifest.xml:339:17
	android:name
		ADDED from AndroidManifest.xml:339:25
category#android.intent.category.BROWSABLE
ADDED from AndroidManifest.xml:341:17
	android:name
		ADDED from AndroidManifest.xml:341:27
activity#com.zjwy.tiaobaojinew.shareapi.WXEntryActivity
ADDED from AndroidManifest.xml:347:9
	android:screenOrientation
		ADDED from AndroidManifest.xml:351:13
	android:configChanges
		ADDED from AndroidManifest.xml:349:13
	android:theme
		ADDED from AndroidManifest.xml:352:13
	android:exported
		ADDED from AndroidManifest.xml:350:13
	android:name
		ADDED from AndroidManifest.xml:348:13
activity#com.zjwy.tiaobaojinew.shareapi.YXEntryActivity
ADDED from AndroidManifest.xml:355:9
	android:screenOrientation
		ADDED from AndroidManifest.xml:359:13
	android:configChanges
		ADDED from AndroidManifest.xml:357:13
	android:theme
		ADDED from AndroidManifest.xml:360:13
	android:exported
		ADDED from AndroidManifest.xml:358:13
	android:name
		ADDED from AndroidManifest.xml:356:13